生成启动时间为 2017/4/17 17:13:44。
     1>项目“E:\c\直播软件\弗莱英曼直播软件\Server\Server\Server.vcxproj”在节点 2 上(Build 个目标)。
     1>ClCompile:
         C:\Program Files (x86)\Microsoft Visual Studio 11.0\VC\bin\CL.exe /c /I../INet /I../PackDef /I../Server /I../IMediator /I../Ado /ZI /nologo /W3 /WX- /Od /Oy- /D WIN32 /D _DEBUG /D _CONSOLE /D _UNICODE /D UNICODE /Gm /EHsc /RTC1 /MDd /GS /fp:precise /Zc:wchar_t /Zc:forScope /Fo"Debug\\" /Fd"Debug\vc110.pdb" /Gd /TP /analyze- /errorReport:prompt ..\Ado\MyDao.cpp ..\IMediator\AbsIMediator.cpp ..\IMediator\IMediator.cpp ..\INet\MyThreadPool.cpp ..\INet\TCPNet.cpp ..\INet\UDPNet.cpp main.cpp
         main.cpp
         UDPNet.cpp
         TCPNet.cpp
         MyThreadPool.cpp
         IMediator.cpp
         AbsIMediator.cpp
         MyDao.cpp
         正在生成代码...
       Link:
         C:\Program Files (x86)\Microsoft Visual Studio 11.0\VC\bin\link.exe /ERRORREPORT:PROMPT /OUT:"E:\c\直播软件\弗莱英曼直播软件\Server\Debug\Server.exe" /INCREMENTAL /NOLOGO kernel32.lib user32.lib gdi32.lib winspool.lib comdlg32.lib advapi32.lib shell32.lib ole32.lib oleaut32.lib uuid.lib odbc32.lib odbccp32.lib /MANIFEST /MANIFESTUAC:"level='asInvoker' uiAccess='false'" /manifest:embed /DEBUG /PDB:"E:\c\直播软件\弗莱英曼直播软件\Server\Debug\Server.pdb" /SUBSYSTEM:CONSOLE /TLBID:1 /DYNAMICBASE /NXCOMPAT /IMPLIB:"E:\c\直播软件\弗莱英曼直播软件\Server\Debug\Server.lib" /MACHINE:X86 Debug\MyDao.obj
         Debug\AbsIMediator.obj
         Debug\IMediator.obj
         Debug\MyThreadPool.obj
         Debug\TCPNet.obj
         Debug\UDPNet.obj
         Debug\main.obj
         LINK : 没有找到 E:\c\直播软件\弗莱英曼直播软件\Server\Debug\Server.exe 或上一个增量链接没有生成它；正在执行完全链接
         Server.vcxproj -> E:\c\直播软件\弗莱英曼直播软件\Server\Debug\Server.exe
     1>已完成生成项目“E:\c\直播软件\弗莱英曼直播软件\Server\Server\Server.vcxproj”(Build 个目标)的操作。

生成成功。

已用时间 00:00:08.91
